{
  "0 debug pnpm:scope": {
    "selected": 1
  },
  "1 info pnpm": {
    "err": {
      "name": "Error",
      "message": "not found: express",
      "code": "ENOENT",
      "stack": "Error: not found: express\n    at getnotFoundHandlerError (/opt/homebrew/Cellar/pnpm/6.32.0/libexec/lib/node_modules/pnpm/dist/pnpm.cjs:41575:51)\n    at Function.whichSync [as sync] (/opt/homebrew/Cellar/pnpm/6.32.0/libexec/lib/node_modules/pnpm/dist/pnpm.cjs:41652:13)\n    at getCommandAbsolutePathSync (/opt/homebrew/Cellar/pnpm/6.32.0/libexec/lib/node_modules/pnpm/dist/pnpm.cjs:43217:44)\n    at default_1 (/opt/homebrew/Cellar/pnpm/6.32.0/libexec/lib/node_modules/pnpm/dist/pnpm.cjs:43226:32)\n    at /opt/homebrew/Cellar/pnpm/6.32.0/libexec/lib/node_modules/pnpm/dist/pnpm.cjs:178152:39"
    }
  },
  "2 error pnpm": {
    "code": "ERR_PNPM_RECURSIVE_EXEC_FIRST_FAIL",
    "prefix": "/Users/rishabh/Documents/vscode/typescript/nodejs/menu-api",
    "err": {
      "name": "pnpm",
      "message": "not found: express",
      "code": "ERR_PNPM_RECURSIVE_EXEC_FIRST_FAIL",
      "stack": "Error: not found: express\n    at getnotFoundHandlerError (/opt/homebrew/Cellar/pnpm/6.32.0/libexec/lib/node_modules/pnpm/dist/pnpm.cjs:41575:51)\n    at Function.whichSync [as sync] (/opt/homebrew/Cellar/pnpm/6.32.0/libexec/lib/node_modules/pnpm/dist/pnpm.cjs:41652:13)\n    at getCommandAbsolutePathSync (/opt/homebrew/Cellar/pnpm/6.32.0/libexec/lib/node_modules/pnpm/dist/pnpm.cjs:43217:44)\n    at default_1 (/opt/homebrew/Cellar/pnpm/6.32.0/libexec/lib/node_modules/pnpm/dist/pnpm.cjs:43226:32)\n    at /opt/homebrew/Cellar/pnpm/6.32.0/libexec/lib/node_modules/pnpm/dist/pnpm.cjs:178152:39"
    }
  }
}